{
  "stats": {
    "suites": 1,
    "tests": 1,
    "passes": 1,
    "pending": 0,
    "failures": 0,
    "start": "2022-02-18T14:48:18.844Z",
    "end": "2022-02-18T14:48:31.755Z",
    "duration": 12911,
    "testsRegistered": 1,
    "passPercent": 100,
    "pendingPercent": 0,
    "other": 0,
    "hasOther": false,
    "skipped": 0,
    "hasSkipped": false
  },
  "results": [
    {
      "uuid": "d2b9556f-238a-4942-98c6-961ef63427ed",
      "title": "",
      "fullFile": "cypress/integration/Formy/TC08_fileupload.spec.js",
      "file": "cypress/integration/Formy/TC08_fileupload.spec.js",
      "beforeHooks": [],
      "afterHooks": [],
      "tests": [],
      "suites": [
        {
          "uuid": "9a443e24-1361-4c92-9123-0370234d2536",
          "title": "File upload area",
          "fullFile": "",
          "file": "",
          "beforeHooks": [],
          "afterHooks": [],
          "tests": [
            {
              "title": "Uploading a file should be successfull",
              "fullTitle": "File upload area Uploading a file should be successfull",
              "timedOut": null,
              "duration": 12888,
              "state": "passed",
              "speed": "slow",
              "pass": true,
              "fail": false,
              "pending": false,
              "context": null,
              "code": "cy.uploadfile(); //Running from custom command\ncy.log('Test has completed');\n/* Altertnativ way:\nconst fixtureFile = 'car.jpg';\ncy.get(':nth-child(1) > .btn').invoke('removeAttr', 'target').click({force:true})\ncy.get('#file-upload-field').attachFile(fixtureFile);\n*/",
              "err": {},
              "uuid": "90c6801e-8443-4b9b-99ea-7e702e6a5f7d",
              "parentUUID": "9a443e24-1361-4c92-9123-0370234d2536",
              "isHook": false,
              "skipped": false
            }
          ],
          "suites": [],
          "passes": [
            "90c6801e-8443-4b9b-99ea-7e702e6a5f7d"
          ],
          "failures": [],
          "pending": [],
          "skipped": [],
          "duration": 12888,
          "root": false,
          "rootEmpty": false,
          "_timeout": 2000
        }
      ],
      "passes": [],
      "failures": [],
      "pending": [],
      "skipped": [],
      "duration": 0,
      "root": true,
      "rootEmpty": true,
      "_timeout": 2000
    }
  ],
  "meta": {
    "mocha": {
      "version": "7.0.1"
    },
    "mochawesome": {
      "options": {
        "quiet": false,
        "reportFilename": "mochawesome",
        "saveHtml": false,
        "saveJson": true,
        "consoleReporter": "spec",
        "useInlineDiffs": false,
        "code": true
      },
      "version": "7.0.1"
    },
    "marge": {
      "options": {
        "id": "default",
        "reportDir": "cypress/results/mochawesome",
        "quite": true,
        "overwrite": false,
        "html": false,
        "json": true
      },
      "version": "6.0.1"
    }
  }
}