{
  "stats": {
    "suites": 1,
    "tests": 1,
    "passes": 1,
    "pending": 0,
    "failures": 0,
    "start": "2022-02-18T14:47:13.539Z",
    "end": "2022-02-18T14:47:35.172Z",
    "duration": 21633,
    "testsRegistered": 1,
    "passPercent": 100,
    "pendingPercent": 0,
    "other": 0,
    "hasOther": false,
    "skipped": 0,
    "hasSkipped": false
  },
  "results": [
    {
      "uuid": "03faf4ad-b780-4a94-b1c9-038d21eb144d",
      "title": "",
      "fullFile": "cypress/integration/Formy/TC04_datepicker.spec.js",
      "file": "cypress/integration/Formy/TC04_datepicker.spec.js",
      "beforeHooks": [],
      "afterHooks": [],
      "tests": [],
      "suites": [
        {
          "uuid": "76afdaf0-70e5-4525-8ecd-f9c74aadcb31",
          "title": "Date Picker",
          "fullFile": "",
          "file": "",
          "beforeHooks": [],
          "afterHooks": [],
          "tests": [
            {
              "title": "Pick the date",
              "fullTitle": "Date Picker Pick the date",
              "timedOut": null,
              "duration": 21597,
              "state": "passed",
              "speed": "slow",
              "pass": true,
              "fail": false,
              "pending": false,
              "context": null,
              "code": "const datepickerpo = new _DatepickerPO.default();\ndatepickerpo.datepicker('25/12/1995');\ncy.log('Test has completed');",
              "err": {},
              "uuid": "a2fdaeae-840c-48da-831c-5067d44e0f53",
              "parentUUID": "76afdaf0-70e5-4525-8ecd-f9c74aadcb31",
              "isHook": false,
              "skipped": false
            }
          ],
          "suites": [],
          "passes": [
            "a2fdaeae-840c-48da-831c-5067d44e0f53"
          ],
          "failures": [],
          "pending": [],
          "skipped": [],
          "duration": 21597,
          "root": false,
          "rootEmpty": false,
          "_timeout": 2000
        }
      ],
      "passes": [],
      "failures": [],
      "pending": [],
      "skipped": [],
      "duration": 0,
      "root": true,
      "rootEmpty": true,
      "_timeout": 2000
    }
  ],
  "meta": {
    "mocha": {
      "version": "7.0.1"
    },
    "mochawesome": {
      "options": {
        "quiet": false,
        "reportFilename": "mochawesome",
        "saveHtml": false,
        "saveJson": true,
        "consoleReporter": "spec",
        "useInlineDiffs": false,
        "code": true
      },
      "version": "7.0.1"
    },
    "marge": {
      "options": {
        "id": "default",
        "reportDir": "cypress/results/mochawesome",
        "quite": true,
        "overwrite": false,
        "html": false,
        "json": true
      },
      "version": "6.0.1"
    }
  }
}