{
  "stats": {
    "suites": 1,
    "tests": 1,
    "passes": 1,
    "pending": 0,
    "failures": 0,
    "start": "2022-02-18T14:47:38.756Z",
    "end": "2022-02-18T14:47:48.869Z",
    "duration": 10113,
    "testsRegistered": 1,
    "passPercent": 100,
    "pendingPercent": 0,
    "other": 0,
    "hasOther": false,
    "skipped": 0,
    "hasSkipped": false
  },
  "results": [
    {
      "uuid": "d7fec890-fdad-4f30-95b5-98bab7bacbae",
      "title": "",
      "fullFile": "cypress/integration/Formy/TC05_dragdrop.spec.js",
      "file": "cypress/integration/Formy/TC05_dragdrop.spec.js",
      "beforeHooks": [],
      "afterHooks": [],
      "tests": [],
      "suites": [
        {
          "uuid": "f642b718-a524-437c-9caa-a4823fb9aa10",
          "title": "Drag and Drop Area",
          "fullFile": "",
          "file": "",
          "beforeHooks": [],
          "afterHooks": [],
          "tests": [
            {
              "title": "Drag and drop should be succesful",
              "fullTitle": "Drag and Drop Area Drag and drop should be succesful",
              "timedOut": null,
              "duration": 10080,
              "state": "passed",
              "speed": "slow",
              "pass": true,
              "fail": false,
              "pending": false,
              "context": null,
              "code": "const dragdropo = new _DragdropPO.default();\ndragdropo.draganddrop();\ncy.log('Test has completed');",
              "err": {},
              "uuid": "fd5f5ce1-5e93-465c-a368-eef20ed48e26",
              "parentUUID": "f642b718-a524-437c-9caa-a4823fb9aa10",
              "isHook": false,
              "skipped": false
            }
          ],
          "suites": [],
          "passes": [
            "fd5f5ce1-5e93-465c-a368-eef20ed48e26"
          ],
          "failures": [],
          "pending": [],
          "skipped": [],
          "duration": 10080,
          "root": false,
          "rootEmpty": false,
          "_timeout": 2000
        }
      ],
      "passes": [],
      "failures": [],
      "pending": [],
      "skipped": [],
      "duration": 0,
      "root": true,
      "rootEmpty": true,
      "_timeout": 2000
    }
  ],
  "meta": {
    "mocha": {
      "version": "7.0.1"
    },
    "mochawesome": {
      "options": {
        "quiet": false,
        "reportFilename": "mochawesome",
        "saveHtml": false,
        "saveJson": true,
        "consoleReporter": "spec",
        "useInlineDiffs": false,
        "code": true
      },
      "version": "7.0.1"
    },
    "marge": {
      "options": {
        "id": "default",
        "reportDir": "cypress/results/mochawesome",
        "quite": true,
        "overwrite": false,
        "html": false,
        "json": true
      },
      "version": "6.0.1"
    }
  }
}