{
  "stats": {
    "suites": 1,
    "tests": 1,
    "passes": 1,
    "pending": 0,
    "failures": 0,
    "start": "2022-02-18T14:49:04.373Z",
    "end": "2022-02-18T14:49:12.495Z",
    "duration": 8122,
    "testsRegistered": 1,
    "passPercent": 100,
    "pendingPercent": 0,
    "other": 0,
    "hasOther": false,
    "skipped": 0,
    "hasSkipped": false
  },
  "results": [
    {
      "uuid": "d63ee4d6-522e-4195-a5d7-f2f031873be5",
      "title": "",
      "fullFile": "cypress/integration/Formy/TC11_pagescroll.spec.js",
      "file": "cypress/integration/Formy/TC11_pagescroll.spec.js",
      "beforeHooks": [],
      "afterHooks": [],
      "tests": [],
      "suites": [
        {
          "uuid": "0df5fc37-3b73-4873-9691-78180e8c7f7a",
          "title": "Page Scroll area",
          "fullFile": "",
          "file": "",
          "beforeHooks": [],
          "afterHooks": [],
          "tests": [
            {
              "title": "Scrolling page should be successful",
              "fullTitle": "Page Scroll area Scrolling page should be successful",
              "timedOut": null,
              "duration": 8103,
              "state": "passed",
              "speed": "medium",
              "pass": true,
              "fail": false,
              "pending": false,
              "context": null,
              "code": "cy.scrollTo(0, 700); // Scroll the window 500px down\n// cy.get('h1').scrollTo('form > :nth-child(2) > :nth-child(2)') // Scroll 'sidebar' to its bottom\ncy.log('Test has completed');",
              "err": {},
              "uuid": "4958a372-fea8-468a-becf-fbe44b9f5e8d",
              "parentUUID": "0df5fc37-3b73-4873-9691-78180e8c7f7a",
              "isHook": false,
              "skipped": false
            }
          ],
          "suites": [],
          "passes": [
            "4958a372-fea8-468a-becf-fbe44b9f5e8d"
          ],
          "failures": [],
          "pending": [],
          "skipped": [],
          "duration": 8103,
          "root": false,
          "rootEmpty": false,
          "_timeout": 2000
        }
      ],
      "passes": [],
      "failures": [],
      "pending": [],
      "skipped": [],
      "duration": 0,
      "root": true,
      "rootEmpty": true,
      "_timeout": 2000
    }
  ],
  "meta": {
    "mocha": {
      "version": "7.0.1"
    },
    "mochawesome": {
      "options": {
        "quiet": false,
        "reportFilename": "mochawesome",
        "saveHtml": false,
        "saveJson": true,
        "consoleReporter": "spec",
        "useInlineDiffs": false,
        "code": true
      },
      "version": "7.0.1"
    },
    "marge": {
      "options": {
        "id": "default",
        "reportDir": "cypress/results/mochawesome",
        "quite": true,
        "overwrite": false,
        "html": false,
        "json": true
      },
      "version": "6.0.1"
    }
  }
}