{
  "stats": {
    "suites": 4,
    "tests": 6,
    "passes": 6,
    "pending": 0,
    "failures": 0,
    "start": "2022-02-18T14:46:51.474Z",
    "end": "2022-02-18T14:47:10.283Z",
    "duration": 18809,
    "testsRegistered": 6,
    "passPercent": 100,
    "pendingPercent": 0,
    "other": 0,
    "hasOther": false,
    "skipped": 0,
    "hasSkipped": false
  },
  "results": [
    {
      "uuid": "105f0dfc-ab0d-4fca-b966-b27d67dfddf6",
      "title": "",
      "fullFile": "cypress/integration/Formy/TC03_checkbox.spec.js",
      "file": "cypress/integration/Formy/TC03_checkbox.spec.js",
      "beforeHooks": [],
      "afterHooks": [],
      "tests": [],
      "suites": [
        {
          "uuid": "57524cdc-6a30-411c-a498-bdb62bdb7e46",
          "title": "Checkbox Area",
          "fullFile": "",
          "file": "",
          "beforeHooks": [],
          "afterHooks": [],
          "tests": [],
          "suites": [
            {
              "uuid": "6547540e-ebd8-402e-b26b-70145a089192",
              "title": "Chekbox 1",
              "fullFile": "",
              "file": "",
              "beforeHooks": [],
              "afterHooks": [],
              "tests": [
                {
                  "title": "Checking on box 1 should be successfull",
                  "fullTitle": "Checkbox Area Chekbox 1 Checking on box 1 should be successfull",
                  "timedOut": null,
                  "duration": 16118,
                  "state": "passed",
                  "speed": "slow",
                  "pass": true,
                  "fail": false,
                  "pending": false,
                  "context": null,
                  "code": "const checkboxpo = new _CheckboxPO.default();\ncheckboxpo.checkOnbox1();",
                  "err": {},
                  "uuid": "fa492f20-e248-419a-a311-1674690afcab",
                  "parentUUID": "6547540e-ebd8-402e-b26b-70145a089192",
                  "isHook": false,
                  "skipped": false
                },
                {
                  "title": "Unchecking on box 1 should be successfull",
                  "fullTitle": "Checkbox Area Chekbox 1 Unchecking on box 1 should be successfull",
                  "timedOut": null,
                  "duration": 508,
                  "state": "passed",
                  "speed": "fast",
                  "pass": true,
                  "fail": false,
                  "pending": false,
                  "context": null,
                  "code": "const checkboxpo = new _CheckboxPO.default();\ncheckboxpo.uncheckOnbox1();",
                  "err": {},
                  "uuid": "031e089d-72a9-4fbc-8b6b-34ac2452e303",
                  "parentUUID": "6547540e-ebd8-402e-b26b-70145a089192",
                  "isHook": false,
                  "skipped": false
                }
              ],
              "suites": [],
              "passes": [
                "fa492f20-e248-419a-a311-1674690afcab",
                "031e089d-72a9-4fbc-8b6b-34ac2452e303"
              ],
              "failures": [],
              "pending": [],
              "skipped": [],
              "duration": 16626,
              "root": false,
              "rootEmpty": false,
              "_timeout": 2000
            },
            {
              "uuid": "d71b91d6-ffbd-4982-8731-509858832bf4",
              "title": "Chekbox 2",
              "fullFile": "",
              "file": "",
              "beforeHooks": [],
              "afterHooks": [],
              "tests": [
                {
                  "title": "Checking on box 2 should be successfull",
                  "fullTitle": "Checkbox Area Chekbox 2 Checking on box 2 should be successfull",
                  "timedOut": null,
                  "duration": 560,
                  "state": "passed",
                  "speed": "fast",
                  "pass": true,
                  "fail": false,
                  "pending": false,
                  "context": null,
                  "code": "const checkboxpo = new _CheckboxPO.default();\ncheckboxpo.checkOnbox2();",
                  "err": {},
                  "uuid": "6e2bf275-aef5-415d-8920-1920f8ca7353",
                  "parentUUID": "d71b91d6-ffbd-4982-8731-509858832bf4",
                  "isHook": false,
                  "skipped": false
                },
                {
                  "title": "Unchecking on box 2 should be successfull",
                  "fullTitle": "Checkbox Area Chekbox 2 Unchecking on box 2 should be successfull",
                  "timedOut": null,
                  "duration": 549,
                  "state": "passed",
                  "speed": "fast",
                  "pass": true,
                  "fail": false,
                  "pending": false,
                  "context": null,
                  "code": "const checkboxpo = new _CheckboxPO.default();\ncheckboxpo.uncheckOnbox2();",
                  "err": {},
                  "uuid": "2327e3cb-a4a3-48ff-a2b0-b09dc1bba770",
                  "parentUUID": "d71b91d6-ffbd-4982-8731-509858832bf4",
                  "isHook": false,
                  "skipped": false
                }
              ],
              "suites": [],
              "passes": [
                "6e2bf275-aef5-415d-8920-1920f8ca7353",
                "2327e3cb-a4a3-48ff-a2b0-b09dc1bba770"
              ],
              "failures": [],
              "pending": [],
              "skipped": [],
              "duration": 1109,
              "root": false,
              "rootEmpty": false,
              "_timeout": 2000
            },
            {
              "uuid": "fb633a22-90b7-4689-a344-f8517fbcd328",
              "title": "Checkbox 3",
              "fullFile": "",
              "file": "",
              "beforeHooks": [],
              "afterHooks": [],
              "tests": [
                {
                  "title": "Checking on box 3 should be successfull",
                  "fullTitle": "Checkbox Area Checkbox 3 Checking on box 3 should be successfull",
                  "timedOut": null,
                  "duration": 548,
                  "state": "passed",
                  "speed": "fast",
                  "pass": true,
                  "fail": false,
                  "pending": false,
                  "context": null,
                  "code": "const checkboxpo = new _CheckboxPO.default();\ncheckboxpo.checkOnbox3();",
                  "err": {},
                  "uuid": "de0e5050-48e7-4803-b938-06f7cc932eaa",
                  "parentUUID": "fb633a22-90b7-4689-a344-f8517fbcd328",
                  "isHook": false,
                  "skipped": false
                },
                {
                  "title": "Unchecking on box 3 should be successfull",
                  "fullTitle": "Checkbox Area Checkbox 3 Unchecking on box 3 should be successfull",
                  "timedOut": null,
                  "duration": 486,
                  "state": "passed",
                  "speed": "fast",
                  "pass": true,
                  "fail": false,
                  "pending": false,
                  "context": null,
                  "code": "const checkboxpo = new _CheckboxPO.default();\ncheckboxpo.uncheckOnbox3();\ncy.log('Test has completed');",
                  "err": {},
                  "uuid": "57189623-c21b-4715-b33f-e1e2efce5f5d",
                  "parentUUID": "fb633a22-90b7-4689-a344-f8517fbcd328",
                  "isHook": false,
                  "skipped": false
                }
              ],
              "suites": [],
              "passes": [
                "de0e5050-48e7-4803-b938-06f7cc932eaa",
                "57189623-c21b-4715-b33f-e1e2efce5f5d"
              ],
              "failures": [],
              "pending": [],
              "skipped": [],
              "duration": 1034,
              "root": false,
              "rootEmpty": false,
              "_timeout": 2000
            }
          ],
          "passes": [],
          "failures": [],
          "pending": [],
          "skipped": [],
          "duration": 0,
          "root": false,
          "rootEmpty": false,
          "_timeout": 2000
        }
      ],
      "passes": [],
      "failures": [],
      "pending": [],
      "skipped": [],
      "duration": 0,
      "root": true,
      "rootEmpty": true,
      "_timeout": 2000
    }
  ],
  "meta": {
    "mocha": {
      "version": "7.0.1"
    },
    "mochawesome": {
      "options": {
        "quiet": false,
        "reportFilename": "mochawesome",
        "saveHtml": false,
        "saveJson": true,
        "consoleReporter": "spec",
        "useInlineDiffs": false,
        "code": true
      },
      "version": "7.0.1"
    },
    "marge": {
      "options": {
        "id": "default",
        "reportDir": "cypress/results/mochawesome",
        "quite": true,
        "overwrite": false,
        "html": false,
        "json": true
      },
      "version": "6.0.1"
    }
  }
}