{
  "stats": {
    "suites": 1,
    "tests": 1,
    "passes": 1,
    "pending": 0,
    "failures": 0,
    "start": "2022-02-18T14:46:40.203Z",
    "end": "2022-02-18T14:46:48.599Z",
    "duration": 8396,
    "testsRegistered": 1,
    "passPercent": 100,
    "pendingPercent": 0,
    "other": 0,
    "hasOther": false,
    "skipped": 0,
    "hasSkipped": false
  },
  "results": [
    {
      "uuid": "0eb07610-aff7-4815-80ea-4aad249b3dfb",
      "title": "",
      "fullFile": "cypress/integration/Formy/TC02_buttons.spec.js",
      "file": "cypress/integration/Formy/TC02_buttons.spec.js",
      "beforeHooks": [],
      "afterHooks": [],
      "tests": [],
      "suites": [
        {
          "uuid": "51d11eb5-9df8-4204-aaa7-749cb7658b87",
          "title": "Button Area",
          "fullFile": "",
          "file": "",
          "beforeHooks": [],
          "afterHooks": [],
          "tests": [
            {
              "title": "Click on the different buttons should be successful",
              "fullTitle": "Button Area Click on the different buttons should be successful",
              "timedOut": null,
              "duration": 8366,
              "state": "passed",
              "speed": "medium",
              "pass": true,
              "fail": false,
              "pending": false,
              "context": null,
              "code": "const buttonspo = new _ButtonsPO.default();\nbuttonspo.clickOnPrimary();\nbuttonspo.clickOnSuccess();\nbuttonspo.clickOnInfo();\nbuttonspo.clickOnWarning();\nbuttonspo.clickOnDanger();\nbuttonspo.clickOnLink();\nbuttonspo.clickOnLeft();\nbuttonspo.clickOnMiddle();\nbuttonspo.clickOnRight();\nbuttonspo.clickOn1();\nbuttonspo.clickOn2();\ncy.log('Test has completed');",
              "err": {},
              "uuid": "fe87100e-783d-442f-a595-29017c90409a",
              "parentUUID": "51d11eb5-9df8-4204-aaa7-749cb7658b87",
              "isHook": false,
              "skipped": false
            }
          ],
          "suites": [],
          "passes": [
            "fe87100e-783d-442f-a595-29017c90409a"
          ],
          "failures": [],
          "pending": [],
          "skipped": [],
          "duration": 8366,
          "root": false,
          "rootEmpty": false,
          "_timeout": 2000
        }
      ],
      "passes": [],
      "failures": [],
      "pending": [],
      "skipped": [],
      "duration": 0,
      "root": true,
      "rootEmpty": true,
      "_timeout": 2000
    }
  ],
  "meta": {
    "mocha": {
      "version": "7.0.1"
    },
    "mochawesome": {
      "options": {
        "quiet": false,
        "reportFilename": "mochawesome",
        "saveHtml": false,
        "saveJson": true,
        "consoleReporter": "spec",
        "useInlineDiffs": false,
        "code": true
      },
      "version": "7.0.1"
    },
    "marge": {
      "options": {
        "id": "default",
        "reportDir": "cypress/results/mochawesome",
        "quite": true,
        "overwrite": false,
        "html": false,
        "json": true
      },
      "version": "6.0.1"
    }
  }
}