{
  "stats": {
    "suites": 1,
    "tests": 1,
    "passes": 1,
    "pending": 0,
    "failures": 0,
    "start": "2022-02-18T14:49:15.052Z",
    "end": "2022-02-18T14:49:24.040Z",
    "duration": 8988,
    "testsRegistered": 1,
    "passPercent": 100,
    "pendingPercent": 0,
    "other": 0,
    "hasOther": false,
    "skipped": 0,
    "hasSkipped": false
  },
  "results": [
    {
      "uuid": "e1c7ddc8-7886-41f0-89e8-273914e7ef31",
      "title": "",
      "fullFile": "cypress/integration/Formy/TC12_radiobutton.spec.js",
      "file": "cypress/integration/Formy/TC12_radiobutton.spec.js",
      "beforeHooks": [],
      "afterHooks": [],
      "tests": [],
      "suites": [
        {
          "uuid": "f3a39108-7e5e-499e-9bee-76c775c1ded5",
          "title": "Radio button area",
          "fullFile": "",
          "file": "",
          "beforeHooks": [],
          "afterHooks": [],
          "tests": [
            {
              "title": "Radio Button should be worked successfully",
              "fullTitle": "Radio button area Radio Button should be worked successfully",
              "timedOut": null,
              "duration": 8965,
              "state": "passed",
              "speed": "medium",
              "pass": true,
              "fail": false,
              "pending": false,
              "context": null,
              "code": "const radiobuttonpo = new _RadiobuttonsPO.default();\nradiobuttonpo.radioButton3();\nradiobuttonpo.radioButton2();\nradiobuttonpo.radioButton1();\ncy.log('Test has completed');",
              "err": {},
              "uuid": "713d8b05-1c13-4c45-a685-22d3f996a404",
              "parentUUID": "f3a39108-7e5e-499e-9bee-76c775c1ded5",
              "isHook": false,
              "skipped": false
            }
          ],
          "suites": [],
          "passes": [
            "713d8b05-1c13-4c45-a685-22d3f996a404"
          ],
          "failures": [],
          "pending": [],
          "skipped": [],
          "duration": 8965,
          "root": false,
          "rootEmpty": false,
          "_timeout": 2000
        }
      ],
      "passes": [],
      "failures": [],
      "pending": [],
      "skipped": [],
      "duration": 0,
      "root": true,
      "rootEmpty": true,
      "_timeout": 2000
    }
  ],
  "meta": {
    "mocha": {
      "version": "7.0.1"
    },
    "mochawesome": {
      "options": {
        "quiet": false,
        "reportFilename": "mochawesome",
        "saveHtml": false,
        "saveJson": true,
        "consoleReporter": "spec",
        "useInlineDiffs": false,
        "code": true
      },
      "version": "7.0.1"
    },
    "marge": {
      "options": {
        "id": "default",
        "reportDir": "cypress/results/mochawesome",
        "quite": true,
        "overwrite": false,
        "html": false,
        "json": true
      },
      "version": "6.0.1"
    }
  }
}